2026-01-03 11:08:15,657 [Worker-7: Loading available Gradle versions] INFO  o.e.b.c.i.u.g.PublishedGradleVersions - Gradle version information cache is up-to-date. Trying to read.
2026-01-03 11:10:19,753 [Worker-5: Loading available Gradle versions] INFO  o.e.b.c.i.u.g.PublishedGradleVersions - Gradle version information cache is up-to-date. Trying to read.
2026-01-03 11:11:42,973 [Worker-6: Loading available Gradle versions] INFO  o.e.b.c.i.u.g.PublishedGradleVersions - Gradle version information cache is up-to-date. Trying to read.
2026-01-03 11:12:16,860 [Worker-5: Building] INFO  o.e.m.c.i.l.LifecycleMappingFactory - Using org.eclipse.m2e.jdt.JarLifecycleMapping lifecycle mapping for MavenProject: com.bank:BankSimulator:0.0.1-SNAPSHOT @ C:\Users\sandh\OneDrive\Desktop\New\Infosys Project\BankSimulator\pom.xml.
2026-01-03 11:12:16,860 [Worker-38: Updating Maven Dependencies] INFO  o.e.m.c.i.l.LifecycleMappingFactory - Using org.eclipse.m2e.jdt.JarLifecycleMapping lifecycle mapping for MavenProject: com.bank:BankSimulator:0.0.1-SNAPSHOT @ C:\Users\sandh\OneDrive\Desktop\New\Infosys Project\BankSimulator\pom.xml.
2026-01-03 11:12:19,576 [Worker-5: Building] INFO  o.a.m.s.f.DefaultMavenResourcesFiltering - Copying 3 resources from src\main\resources to target\classes
2026-01-03 11:12:19,586 [Worker-5: Building] INFO  o.a.m.s.f.DefaultMavenResourcesFiltering - skip non existing resourceDirectory C:\Users\sandh\OneDrive\Desktop\New\Infosys Project\BankSimulator\src\test\resources
2026-01-03 11:12:21,117 [Worker-15: Updating Maven Dependencies] INFO  o.e.m.c.i.l.LifecycleMappingFactory - Using org.eclipse.m2e.jdt.JarLifecycleMapping lifecycle mapping for MavenProject: com.bank:BankSimulator:0.0.1-SNAPSHOT @ C:\Users\sandh\OneDrive\Desktop\New\Infosys Project\BankSimulator\pom.xml.
2026-01-03 11:12:21,230 [Worker-32: Building] INFO  o.a.m.s.f.DefaultMavenResourcesFiltering - Copying 3 resources from src\main\resources to target\classes
2026-01-03 11:12:21,263 [Worker-32: Building] INFO  o.a.m.s.f.DefaultMavenResourcesFiltering - skip non existing resourceDirectory C:\Users\sandh\OneDrive\Desktop\New\Infosys Project\BankSimulator\src\test\resources
2026-01-03 11:12:22,814 [Worker-21: Building] INFO  o.a.m.s.f.DefaultMavenResourcesFiltering - Copying 3 resources from src\main\resources to target\classes
2026-01-03 11:12:22,820 [Worker-21: Building] INFO  o.a.m.s.f.DefaultMavenResourcesFiltering - skip non existing resourceDirectory C:\Users\sandh\OneDrive\Desktop\New\Infosys Project\BankSimulator\src\test\resources
2026-01-03 11:16:32,386 [Worker-11: Building] INFO  o.a.m.s.f.DefaultMavenResourcesFiltering - Copying 1 resource from src\main\resources to target\classes
2026-01-03 11:16:32,390 [Worker-11: Building] INFO  o.a.m.s.f.DefaultMavenResourcesFiltering - skip non existing resourceDirectory C:\Users\sandh\OneDrive\Desktop\New\Infosys Project\BankSimulator\src\test\resources
2026-01-03 11:18:06,460 [Worker-40: Building] INFO  o.a.m.s.f.DefaultMavenResourcesFiltering - Copying 1 resource from src\main\resources to target\classes
2026-01-03 11:18:06,464 [Worker-40: Building] INFO  o.a.m.s.f.DefaultMavenResourcesFiltering - skip non existing resourceDirectory C:\Users\sandh\OneDrive\Desktop\New\Infosys Project\BankSimulator\src\test\resources
2026-01-03 11:21:29,989 [Worker-29: Building] INFO  o.a.m.s.f.DefaultMavenResourcesFiltering - skip non existing resourceDirectory C:\Users\sandh\OneDrive\Desktop\New\Infosys Project\BankSimulator\src\main\resources
2026-01-03 11:21:29,992 [Worker-29: Building] INFO  o.a.m.s.f.DefaultMavenResourcesFiltering - skip non existing resourceDirectory C:\Users\sandh\OneDrive\Desktop\New\Infosys Project\BankSimulator\src\test\resources
2026-01-03 11:22:59,205 [Worker-2: Loading available Gradle versions] INFO  o.e.b.c.i.u.g.PublishedGradleVersions - Gradle version information cache is up-to-date. Trying to read.
2026-01-03 11:24:50,191 [Worker-5: Loading available Gradle versions] INFO  o.e.b.c.i.u.g.PublishedGradleVersions - Gradle version information cache is up-to-date. Trying to read.
